{"/Users/TinaXING/Desktop/Hackreactor/tripadvisor-traveler-booking/db/seedhelper.js": {"path":"/Users/TinaXING/Desktop/Hackreactor/tripadvisor-traveler-booking/db/seedhelper.js","statementMap":{"0":{"start":{"line":2,"column":10},"end":{"line":2,"column":31}},"1":{"start":{"line":4,"column":19},"end":{"line":4,"column":109}},"2":{"start":{"line":6,"column":17},"end":{"line":6,"column":117}},"3":{"start":{"line":8,"column":18},"end":{"line":8,"column":51}},"4":{"start":{"line":10,"column":16},"end":{"line":10,"column":46}},"5":{"start":{"line":12,"column":28},"end":{"line":22,"column":1}},"6":{"start":{"line":13,"column":27},"end":{"line":13,"column":80}},"7":{"start":{"line":14,"column":22},"end":{"line":14,"column":102}},"8":{"start":{"line":15,"column":19},"end":{"line":15,"column":88}},"9":{"start":{"line":16,"column":22},"end":{"line":16,"column":56}},"10":{"start":{"line":17,"column":22},"end":{"line":17,"column":42}},"11":{"start":{"line":19,"column":14},"end":{"line":20,"column":93}},"12":{"start":{"line":21,"column":2},"end":{"line":21,"column":13}},"13":{"start":{"line":24,"column":0},"end":{"line":24,"column":37}}},"fnMap":{"0":{"name":"(anonymous_0)","decl":{"start":{"line":12,"column":28},"end":{"line":12,"column":29}},"loc":{"start":{"line":12,"column":34},"end":{"line":22,"column":1}},"line":12}},"branchMap":{},"s":{"0":1,"1":1,"2":1,"3":1,"4":1,"5":1,"6":7,"7":7,"8":7,"9":7,"10":7,"11":7,"12":7,"13":1},"f":{"0":7},"b":{},"_coverageSchema":"1a1c01bbd47fc00a2c39e90264f33305004495a9","hash":"32faff662e7ecaa49e1a902b02c29e8c93401544"}
,"/Users/TinaXING/Desktop/Hackreactor/tripadvisor-traveler-booking/server/helpers.js": {"path":"/Users/TinaXING/Desktop/Hackreactor/tripadvisor-traveler-booking/server/helpers.js","statementMap":{"0":{"start":{"line":1,"column":0},"end":{"line":12,"column":2}},"1":{"start":{"line":4,"column":18},"end":{"line":4,"column":28}},"2":{"start":{"line":5,"column":17},"end":{"line":5,"column":47}},"3":{"start":{"line":6,"column":18},"end":{"line":6,"column":66}},"4":{"start":{"line":7,"column":16},"end":{"line":7,"column":57}},"5":{"start":{"line":8,"column":17},"end":{"line":8,"column":35}},"6":{"start":{"line":9,"column":4},"end":{"line":9,"column":16}}},"fnMap":{"0":{"name":"(anonymous_0)","decl":{"start":{"line":3,"column":14},"end":{"line":3,"column":15}},"loc":{"start":{"line":3,"column":20},"end":{"line":10,"column":3}},"line":3}},"branchMap":{},"s":{"0":1,"1":5,"2":5,"3":5,"4":5,"5":5,"6":5},"f":{"0":5},"b":{},"_coverageSchema":"1a1c01bbd47fc00a2c39e90264f33305004495a9","hash":"bbf5746ea17a063fd323a7244294beeab8d901ab"}
}
