{"/Users/TinaXING/Desktop/Hackreactor/tripadvisor-traveler-booking/client/src/apiExampleData.js": {"path":"/Users/TinaXING/Desktop/Hackreactor/tripadvisor-traveler-booking/client/src/apiExampleData.js","statementMap":{"0":{"start":{"line":2,"column":12},"end":{"line":2,"column":80}},"1":{"start":{"line":4,"column":20},"end":{"line":12,"column":2}},"2":{"start":{"line":14,"column":26},"end":{"line":22,"column":2}},"3":{"start":{"line":24,"column":13},"end":{"line":24,"column":32}},"4":{"start":{"line":26,"column":21},"end":{"line":34,"column":2}},"5":{"start":{"line":36,"column":0},"end":{"line":36,"column":64}}},"fnMap":{},"branchMap":{},"s":{"0":2,"1":2,"2":2,"3":2,"4":2,"5":2},"f":{},"b":{},"_coverageSchema":"1a1c01bbd47fc00a2c39e90264f33305004495a9","hash":"056205a01a5c0207ed97389b879cb281709268be"}
,"/Users/TinaXING/Desktop/Hackreactor/tripadvisor-traveler-booking/client/src/components/Adults.jsx": {"path":"/Users/TinaXING/Desktop/Hackreactor/tripadvisor-traveler-booking/client/src/components/Adults.jsx","statementMap":{"0":{"start":{"line":4,"column":15},"end":{"line":29,"column":1}},"1":{"start":{"line":5,"column":0},"end":{"line":28,"column":6}}},"fnMap":{"0":{"name":"(anonymous_0)","decl":{"start":{"line":4,"column":15},"end":{"line":4,"column":16}},"loc":{"start":{"line":5,"column":0},"end":{"line":28,"column":6}},"line":5}},"branchMap":{},"s":{"0":2,"1":5},"f":{"0":5},"b":{},"_coverageSchema":"1a1c01bbd47fc00a2c39e90264f33305004495a9","hash":"c3730d20d4fff8daacd4107ac6b6ee8d1069fada"}
,"/Users/TinaXING/Desktop/Hackreactor/tripadvisor-traveler-booking/client/src/components/App.jsx": {"path":"/Users/TinaXING/Desktop/Hackreactor/tripadvisor-traveler-booking/client/src/components/App.jsx","statementMap":{"0":{"start":{"line":18,"column":4},"end":{"line":18,"column":17}},"1":{"start":{"line":19,"column":4},"end":{"line":29,"column":6}},"2":{"start":{"line":30,"column":4},"end":{"line":30,"column":53}},"3":{"start":{"line":31,"column":4},"end":{"line":31,"column":67}},"4":{"start":{"line":32,"column":4},"end":{"line":32,"column":53}},"5":{"start":{"line":33,"column":4},"end":{"line":33,"column":57}},"6":{"start":{"line":34,"column":4},"end":{"line":34,"column":63}},"7":{"start":{"line":35,"column":4},"end":{"line":35,"column":65}},"8":{"start":{"line":36,"column":4},"end":{"line":36,"column":45}},"9":{"start":{"line":37,"column":4},"end":{"line":37,"column":43}},"10":{"start":{"line":38,"column":4},"end":{"line":38,"column":41}},"11":{"start":{"line":43,"column":4},"end":{"line":43,"column":24}},"12":{"start":{"line":48,"column":4},"end":{"line":51,"column":9}},"13":{"start":{"line":50,"column":8},"end":{"line":50,"column":45}},"14":{"start":{"line":56,"column":4},"end":{"line":56,"column":35}},"15":{"start":{"line":57,"column":4},"end":{"line":64,"column":8}},"16":{"start":{"line":59,"column":8},"end":{"line":59,"column":29}},"17":{"start":{"line":60,"column":8},"end":{"line":60,"column":44}},"18":{"start":{"line":61,"column":8},"end":{"line":63,"column":16}},"19":{"start":{"line":62,"column":10},"end":{"line":62,"column":41}},"20":{"start":{"line":69,"column":4},"end":{"line":73,"column":6}},"21":{"start":{"line":77,"column":4},"end":{"line":81,"column":6}},"22":{"start":{"line":85,"column":4},"end":{"line":89,"column":6}},"23":{"start":{"line":93,"column":4},"end":{"line":98,"column":7}},"24":{"start":{"line":104,"column":17},"end":{"line":104,"column":30}},"25":{"start":{"line":106,"column":4},"end":{"line":110,"column":5}},"26":{"start":{"line":107,"column":6},"end":{"line":107,"column":19}},"27":{"start":{"line":109,"column":6},"end":{"line":109,"column":37}},"28":{"start":{"line":111,"column":4},"end":{"line":111,"column":37}},"29":{"start":{"line":115,"column":17},"end":{"line":115,"column":30}},"30":{"start":{"line":117,"column":4},"end":{"line":117,"column":35}},"31":{"start":{"line":118,"column":4},"end":{"line":118,"column":37}},"32":{"start":{"line":123,"column":4},"end":{"line":150,"column":5}},"33":{"start":{"line":124,"column":6},"end":{"line":128,"column":8}},"34":{"start":{"line":129,"column":11},"end":{"line":150,"column":5}},"35":{"start":{"line":130,"column":6},"end":{"line":134,"column":9}},"36":{"start":{"line":135,"column":22},"end":{"line":135,"column":60}},"37":{"start":{"line":136,"column":6},"end":{"line":136,"column":58}},"38":{"start":{"line":138,"column":11},"end":{"line":150,"column":5}},"39":{"start":{"line":139,"column":6},"end":{"line":143,"column":8}},"40":{"start":{"line":145,"column":6},"end":{"line":149,"column":8}},"41":{"start":{"line":156,"column":4},"end":{"line":170,"column":5}},"42":{"start":{"line":157,"column":6},"end":{"line":163,"column":7}},"43":{"start":{"line":158,"column":8},"end":{"line":158,"column":107}},"44":{"start":{"line":160,"column":8},"end":{"line":162,"column":103}},"45":{"start":{"line":164,"column":11},"end":{"line":170,"column":5}},"46":{"start":{"line":165,"column":6},"end":{"line":165,"column":152}},"47":{"start":{"line":166,"column":11},"end":{"line":170,"column":5}},"48":{"start":{"line":167,"column":6},"end":{"line":167,"column":115}},"49":{"start":{"line":169,"column":6},"end":{"line":169,"column":24}},"50":{"start":{"line":172,"column":4},"end":{"line":203,"column":6}}},"fnMap":{"0":{"name":"(anonymous_0)","decl":{"start":{"line":17,"column":2},"end":{"line":17,"column":3}},"loc":{"start":{"line":17,"column":21},"end":{"line":39,"column":3}},"line":17},"1":{"name":"(anonymous_1)","decl":{"start":{"line":42,"column":2},"end":{"line":42,"column":3}},"loc":{"start":{"line":42,"column":22},"end":{"line":44,"column":3}},"line":42},"2":{"name":"(anonymous_2)","decl":{"start":{"line":47,"column":2},"end":{"line":47,"column":3}},"loc":{"start":{"line":47,"column":17},"end":{"line":52,"column":3}},"line":47},"3":{"name":"(anonymous_3)","decl":{"start":{"line":49,"column":12},"end":{"line":49,"column":13}},"loc":{"start":{"line":49,"column":22},"end":{"line":51,"column":7}},"line":49},"4":{"name":"(anonymous_4)","decl":{"start":{"line":55,"column":2},"end":{"line":55,"column":3}},"loc":{"start":{"line":55,"column":36},"end":{"line":65,"column":3}},"line":55},"5":{"name":"(anonymous_5)","decl":{"start":{"line":58,"column":12},"end":{"line":58,"column":13}},"loc":{"start":{"line":58,"column":22},"end":{"line":64,"column":7}},"line":58},"6":{"name":"(anonymous_6)","decl":{"start":{"line":61,"column":19},"end":{"line":61,"column":20}},"loc":{"start":{"line":61,"column":25},"end":{"line":63,"column":9}},"line":61},"7":{"name":"(anonymous_7)","decl":{"start":{"line":68,"column":2},"end":{"line":68,"column":3}},"loc":{"start":{"line":68,"column":24},"end":{"line":74,"column":3}},"line":68},"8":{"name":"(anonymous_8)","decl":{"start":{"line":76,"column":2},"end":{"line":76,"column":3}},"loc":{"start":{"line":76,"column":22},"end":{"line":82,"column":3}},"line":76},"9":{"name":"(anonymous_9)","decl":{"start":{"line":84,"column":2},"end":{"line":84,"column":3}},"loc":{"start":{"line":84,"column":23},"end":{"line":90,"column":3}},"line":84},"10":{"name":"(anonymous_10)","decl":{"start":{"line":92,"column":2},"end":{"line":92,"column":3}},"loc":{"start":{"line":92,"column":35},"end":{"line":99,"column":3}},"line":92},"11":{"name":"(anonymous_11)","decl":{"start":{"line":103,"column":2},"end":{"line":103,"column":3}},"loc":{"start":{"line":103,"column":14},"end":{"line":112,"column":3}},"line":103},"12":{"name":"(anonymous_12)","decl":{"start":{"line":114,"column":2},"end":{"line":114,"column":3}},"loc":{"start":{"line":114,"column":13},"end":{"line":119,"column":3}},"line":114},"13":{"name":"(anonymous_13)","decl":{"start":{"line":122,"column":2},"end":{"line":122,"column":3}},"loc":{"start":{"line":122,"column":11},"end":{"line":151,"column":3}},"line":122},"14":{"name":"(anonymous_14)","decl":{"start":{"line":153,"column":2},"end":{"line":153,"column":3}},"loc":{"start":{"line":153,"column":11},"end":{"line":204,"column":3}},"line":153}},"branchMap":{"0":{"loc":{"start":{"line":106,"column":4},"end":{"line":110,"column":5}},"type":"if","locations":[{"start":{"line":106,"column":4},"end":{"line":110,"column":5}},{"start":{"line":106,"column":4},"end":{"line":110,"column":5}}],"line":106},"1":{"loc":{"start":{"line":123,"column":4},"end":{"line":150,"column":5}},"type":"if","locations":[{"start":{"line":123,"column":4},"end":{"line":150,"column":5}},{"start":{"line":123,"column":4},"end":{"line":150,"column":5}}],"line":123},"2":{"loc":{"start":{"line":123,"column":7},"end":{"line":123,"column":84}},"type":"binary-expr","locations":[{"start":{"line":123,"column":7},"end":{"line":123,"column":31}},{"start":{"line":123,"column":35},"end":{"line":123,"column":57}},{"start":{"line":123,"column":61},"end":{"line":123,"column":84}}],"line":123},"3":{"loc":{"start":{"line":129,"column":11},"end":{"line":150,"column":5}},"type":"if","locations":[{"start":{"line":129,"column":11},"end":{"line":150,"column":5}},{"start":{"line":129,"column":11},"end":{"line":150,"column":5}}],"line":129},"4":{"loc":{"start":{"line":138,"column":11},"end":{"line":150,"column":5}},"type":"if","locations":[{"start":{"line":138,"column":11},"end":{"line":150,"column":5}},{"start":{"line":138,"column":11},"end":{"line":150,"column":5}}],"line":138},"5":{"loc":{"start":{"line":156,"column":4},"end":{"line":170,"column":5}},"type":"if","locations":[{"start":{"line":156,"column":4},"end":{"line":170,"column":5}},{"start":{"line":156,"column":4},"end":{"line":170,"column":5}}],"line":156},"6":{"loc":{"start":{"line":157,"column":6},"end":{"line":163,"column":7}},"type":"if","locations":[{"start":{"line":157,"column":6},"end":{"line":163,"column":7}},{"start":{"line":157,"column":6},"end":{"line":163,"column":7}}],"line":157},"7":{"loc":{"start":{"line":160,"column":8},"end":{"line":162,"column":103}},"type":"cond-expr","locations":[{"start":{"line":161,"column":10},"end":{"line":161,"column":123}},{"start":{"line":162,"column":10},"end":{"line":162,"column":103}}],"line":160},"8":{"loc":{"start":{"line":164,"column":11},"end":{"line":170,"column":5}},"type":"if","locations":[{"start":{"line":164,"column":11},"end":{"line":170,"column":5}},{"start":{"line":164,"column":11},"end":{"line":170,"column":5}}],"line":164},"9":{"loc":{"start":{"line":166,"column":11},"end":{"line":170,"column":5}},"type":"if","locations":[{"start":{"line":166,"column":11},"end":{"line":170,"column":5}},{"start":{"line":166,"column":11},"end":{"line":170,"column":5}}],"line":166},"10":{"loc":{"start":{"line":173,"column":22},"end":{"line":173,"column":129}},"type":"cond-expr","locations":[{"start":{"line":173,"column":99},"end":{"line":173,"column":115}},{"start":{"line":173,"column":118},"end":{"line":173,"column":129}}],"line":173},"11":{"loc":{"start":{"line":173,"column":22},"end":{"line":173,"column":96}},"type":"binary-expr","locations":[{"start":{"line":173,"column":22},"end":{"line":173,"column":45}},{"start":{"line":173,"column":49},"end":{"line":173,"column":70}},{"start":{"line":173,"column":74},"end":{"line":173,"column":96}}],"line":173}},"s":{"0":16,"1":16,"2":16,"3":16,"4":16,"5":16,"6":16,"7":16,"8":16,"9":16,"10":16,"11":17,"12":18,"13":18,"14":3,"15":3,"16":3,"17":3,"18":3,"19":0,"20":1,"21":0,"22":0,"23":1,"24":2,"25":2,"26":1,"27":1,"28":2,"29":2,"30":2,"31":2,"32":3,"33":0,"34":3,"35":1,"36":1,"37":1,"38":2,"39":1,"40":1,"41":57,"42":4,"43":2,"44":2,"45":53,"46":4,"47":49,"48":4,"49":45,"50":57},"f":{"0":16,"1":17,"2":18,"3":18,"4":3,"5":3,"6":0,"7":1,"8":0,"9":0,"10":1,"11":2,"12":2,"13":3,"14":57},"b":{"0":[1,1],"1":[0,3],"2":[3,2,1],"3":[1,2],"4":[1,1],"5":[4,53],"6":[2,2],"7":[0,2],"8":[4,49],"9":[4,45],"10":[12,45],"11":[57,53,49]},"_coverageSchema":"1a1c01bbd47fc00a2c39e90264f33305004495a9","hash":"a0f1f361762153be54186c6ae99b40028f9fc880"}
,"/Users/TinaXING/Desktop/Hackreactor/tripadvisor-traveler-booking/client/src/components/Calendar.jsx": {"path":"/Users/TinaXING/Desktop/Hackreactor/tripadvisor-traveler-booking/client/src/components/Calendar.jsx","statementMap":{"0":{"start":{"line":9,"column":4},"end":{"line":9,"column":17}},"1":{"start":{"line":10,"column":4},"end":{"line":16,"column":6}},"2":{"start":{"line":17,"column":4},"end":{"line":17,"column":53}},"3":{"start":{"line":18,"column":4},"end":{"line":18,"column":47}},"4":{"start":{"line":23,"column":32},"end":{"line":23,"column":79}},"5":{"start":{"line":24,"column":29},"end":{"line":24,"column":71}},"6":{"start":{"line":25,"column":4},"end":{"line":28,"column":6}},"7":{"start":{"line":32,"column":29},"end":{"line":32,"column":83}},"8":{"start":{"line":33,"column":32},"end":{"line":33,"column":75}},"9":{"start":{"line":34,"column":4},"end":{"line":37,"column":6}},"10":{"start":{"line":42,"column":4},"end":{"line":50,"column":6}}},"fnMap":{"0":{"name":"(anonymous_0)","decl":{"start":{"line":8,"column":2},"end":{"line":8,"column":3}},"loc":{"start":{"line":8,"column":21},"end":{"line":19,"column":3}},"line":8},"1":{"name":"(anonymous_1)","decl":{"start":{"line":22,"column":2},"end":{"line":22,"column":3}},"loc":{"start":{"line":22,"column":17},"end":{"line":29,"column":3}},"line":22},"2":{"name":"(anonymous_2)","decl":{"start":{"line":31,"column":2},"end":{"line":31,"column":3}},"loc":{"start":{"line":31,"column":14},"end":{"line":39,"column":3}},"line":31},"3":{"name":"(anonymous_3)","decl":{"start":{"line":41,"column":2},"end":{"line":41,"column":3}},"loc":{"start":{"line":41,"column":11},"end":{"line":51,"column":3}},"line":41}},"branchMap":{},"s":{"0":5,"1":5,"2":5,"3":5,"4":1,"5":1,"6":1,"7":1,"8":1,"9":1,"10":9},"f":{"0":5,"1":1,"2":1,"3":9},"b":{},"_coverageSchema":"1a1c01bbd47fc00a2c39e90264f33305004495a9","hash":"e00473f54289768ef0854bade615ed723d5a960c"}
,"/Users/TinaXING/Desktop/Hackreactor/tripadvisor-traveler-booking/client/src/components/Days.jsx": {"path":"/Users/TinaXING/Desktop/Hackreactor/tripadvisor-traveler-booking/client/src/components/Days.jsx","statementMap":{"0":{"start":{"line":9,"column":6},"end":{"line":9,"column":19}},"1":{"start":{"line":10,"column":6},"end":{"line":10,"column":22}},"2":{"start":{"line":11,"column":6},"end":{"line":11,"column":51}},"3":{"start":{"line":16,"column":4},"end":{"line":35,"column":5}},"4":{"start":{"line":18,"column":8},"end":{"line":18,"column":64}},"5":{"start":{"line":19,"column":11},"end":{"line":35,"column":5}},"6":{"start":{"line":20,"column":8},"end":{"line":26,"column":15}},"7":{"start":{"line":24,"column":29},"end":{"line":24,"column":93}},"8":{"start":{"line":29,"column":6},"end":{"line":34,"column":7}},"9":{"start":{"line":39,"column":19},"end":{"line":39,"column":55}},"10":{"start":{"line":43,"column":16},"end":{"line":43,"column":57}},"11":{"start":{"line":46,"column":25},"end":{"line":46,"column":108}},"12":{"start":{"line":46,"column":49},"end":{"line":46,"column":107}},"13":{"start":{"line":49,"column":22},"end":{"line":55,"column":4}},"14":{"start":{"line":50,"column":6},"end":{"line":53,"column":14}},"15":{"start":{"line":52,"column":33},"end":{"line":52,"column":60}},"16":{"start":{"line":56,"column":4},"end":{"line":65,"column":5}}},"fnMap":{"0":{"name":"(anonymous_0)","decl":{"start":{"line":8,"column":2},"end":{"line":8,"column":3}},"loc":{"start":{"line":8,"column":21},"end":{"line":12,"column":3}},"line":8},"1":{"name":"(anonymous_1)","decl":{"start":{"line":15,"column":2},"end":{"line":15,"column":3}},"loc":{"start":{"line":15,"column":26},"end":{"line":36,"column":3}},"line":15},"2":{"name":"(anonymous_2)","decl":{"start":{"line":24,"column":22},"end":{"line":24,"column":23}},"loc":{"start":{"line":24,"column":27},"end":{"line":24,"column":94}},"line":24},"3":{"name":"(anonymous_3)","decl":{"start":{"line":38,"column":2},"end":{"line":38,"column":3}},"loc":{"start":{"line":38,"column":11},"end":{"line":66,"column":3}},"line":38},"4":{"name":"(anonymous_4)","decl":{"start":{"line":46,"column":38},"end":{"line":46,"column":39}},"loc":{"start":{"line":46,"column":49},"end":{"line":46,"column":107}},"line":46},"5":{"name":"(anonymous_5)","decl":{"start":{"line":49,"column":32},"end":{"line":49,"column":33}},"loc":{"start":{"line":49,"column":49},"end":{"line":55,"column":3}},"line":49},"6":{"name":"(anonymous_6)","decl":{"start":{"line":52,"column":17},"end":{"line":52,"column":18}},"loc":{"start":{"line":52,"column":33},"end":{"line":52,"column":60}},"line":52}},"branchMap":{"0":{"loc":{"start":{"line":16,"column":4},"end":{"line":35,"column":5}},"type":"if","locations":[{"start":{"line":16,"column":4},"end":{"line":35,"column":5}},{"start":{"line":16,"column":4},"end":{"line":35,"column":5}}],"line":16},"1":{"loc":{"start":{"line":19,"column":11},"end":{"line":35,"column":5}},"type":"if","locations":[{"start":{"line":19,"column":11},"end":{"line":35,"column":5}},{"start":{"line":19,"column":11},"end":{"line":35,"column":5}}],"line":19},"2":{"loc":{"start":{"line":23,"column":24},"end":{"line":23,"column":127}},"type":"cond-expr","locations":[{"start":{"line":23,"column":44},"end":{"line":23,"column":87}},{"start":{"line":23,"column":90},"end":{"line":23,"column":127}}],"line":23}},"s":{"0":4,"1":4,"2":4,"3":168,"4":44,"5":124,"6":84,"7":2,"8":40,"9":4,"10":4,"11":4,"12":28,"13":4,"14":24,"15":168,"16":4},"f":{"0":4,"1":168,"2":2,"3":4,"4":28,"5":24,"6":168},"b":{"0":[44,124],"1":[84,40],"2":[4,80]},"_coverageSchema":"1a1c01bbd47fc00a2c39e90264f33305004495a9","hash":"ce7f9c7c54f1b05b2ea4fbcf63b5ea8acf41871d"}
,"/Users/TinaXING/Desktop/Hackreactor/tripadvisor-traveler-booking/client/src/components/MonthDate.jsx": {"path":"/Users/TinaXING/Desktop/Hackreactor/tripadvisor-traveler-booking/client/src/components/MonthDate.jsx","statementMap":{"0":{"start":{"line":5,"column":18},"end":{"line":12,"column":7}},"1":{"start":{"line":5,"column":54},"end":{"line":12,"column":6}}},"fnMap":{"0":{"name":"(anonymous_0)","decl":{"start":{"line":5,"column":18},"end":{"line":5,"column":19}},"loc":{"start":{"line":5,"column":54},"end":{"line":12,"column":6}},"line":5}},"branchMap":{},"s":{"0":3,"1":1},"f":{"0":1},"b":{},"_coverageSchema":"1a1c01bbd47fc00a2c39e90264f33305004495a9","hash":"017c1c75c81dd43d4863899c1cfe6eaa05763387"}
,"/Users/TinaXING/Desktop/Hackreactor/tripadvisor-traveler-booking/client/src/components/Months.jsx": {"path":"/Users/TinaXING/Desktop/Hackreactor/tripadvisor-traveler-booking/client/src/components/Months.jsx","statementMap":{"0":{"start":{"line":4,"column":15},"end":{"line":8,"column":1}},"1":{"start":{"line":5,"column":2},"end":{"line":7,"column":8}}},"fnMap":{"0":{"name":"(anonymous_0)","decl":{"start":{"line":4,"column":15},"end":{"line":4,"column":16}},"loc":{"start":{"line":5,"column":2},"end":{"line":7,"column":8}},"line":5}},"branchMap":{},"s":{"0":4,"1":1},"f":{"0":1},"b":{},"_coverageSchema":"1a1c01bbd47fc00a2c39e90264f33305004495a9","hash":"30813dd0ba369589474fde231aa6dee93bf0002b"}
,"/Users/TinaXING/Desktop/Hackreactor/tripadvisor-traveler-booking/client/src/components/Options.jsx": {"path":"/Users/TinaXING/Desktop/Hackreactor/tripadvisor-traveler-booking/client/src/components/Options.jsx","statementMap":{"0":{"start":{"line":6,"column":4},"end":{"line":6,"column":17}},"1":{"start":{"line":7,"column":4},"end":{"line":10,"column":5}},"2":{"start":{"line":11,"column":4},"end":{"line":11,"column":49}},"3":{"start":{"line":14,"column":4},"end":{"line":17,"column":7}},"4":{"start":{"line":22,"column":37},"end":{"line":22,"column":47}},"5":{"start":{"line":23,"column":4},"end":{"line":48,"column":5}}},"fnMap":{"0":{"name":"(anonymous_0)","decl":{"start":{"line":5,"column":2},"end":{"line":5,"column":3}},"loc":{"start":{"line":5,"column":21},"end":{"line":12,"column":3}},"line":5},"1":{"name":"(anonymous_1)","decl":{"start":{"line":13,"column":2},"end":{"line":13,"column":3}},"loc":{"start":{"line":13,"column":15},"end":{"line":19,"column":3}},"line":13},"2":{"name":"(anonymous_2)","decl":{"start":{"line":21,"column":2},"end":{"line":21,"column":3}},"loc":{"start":{"line":21,"column":11},"end":{"line":49,"column":3}},"line":21}},"branchMap":{"0":{"loc":{"start":{"line":29,"column":11},"end":{"line":29,"column":129}},"type":"cond-expr","locations":[{"start":{"line":29,"column":33},"end":{"line":29,"column":37}},{"start":{"line":29,"column":40},"end":{"line":29,"column":129}}],"line":29}},"s":{"0":2,"1":2,"2":2,"3":0,"4":3,"5":3},"f":{"0":2,"1":0,"2":3},"b":{"0":[0,3]},"_coverageSchema":"1a1c01bbd47fc00a2c39e90264f33305004495a9","hash":"6cb70233936864ff613b7af33bc3924f0f64a423"}
,"/Users/TinaXING/Desktop/Hackreactor/tripadvisor-traveler-booking/client/src/components/PlanFooter.jsx": {"path":"/Users/TinaXING/Desktop/Hackreactor/tripadvisor-traveler-booking/client/src/components/PlanFooter.jsx","statementMap":{"0":{"start":{"line":6,"column":19},"end":{"line":39,"column":2}},"1":{"start":{"line":9,"column":2},"end":{"line":15,"column":3}},"2":{"start":{"line":10,"column":4},"end":{"line":10,"column":20}},"3":{"start":{"line":11,"column":9},"end":{"line":15,"column":3}},"4":{"start":{"line":12,"column":4},"end":{"line":12,"column":24}},"5":{"start":{"line":14,"column":4},"end":{"line":14,"column":34}},"6":{"start":{"line":16,"column":2},"end":{"line":39,"column":1}}},"fnMap":{"0":{"name":"(anonymous_0)","decl":{"start":{"line":6,"column":19},"end":{"line":6,"column":20}},"loc":{"start":{"line":6,"column":111},"end":{"line":39,"column":2}},"line":6}},"branchMap":{"0":{"loc":{"start":{"line":9,"column":2},"end":{"line":15,"column":3}},"type":"if","locations":[{"start":{"line":9,"column":2},"end":{"line":15,"column":3}},{"start":{"line":9,"column":2},"end":{"line":15,"column":3}}],"line":9},"1":{"loc":{"start":{"line":9,"column":5},"end":{"line":9,"column":31}},"type":"binary-expr","locations":[{"start":{"line":9,"column":5},"end":{"line":9,"column":15}},{"start":{"line":9,"column":19},"end":{"line":9,"column":31}}],"line":9},"2":{"loc":{"start":{"line":11,"column":9},"end":{"line":15,"column":3}},"type":"if","locations":[{"start":{"line":11,"column":9},"end":{"line":15,"column":3}},{"start":{"line":11,"column":9},"end":{"line":15,"column":3}}],"line":11}},"s":{"0":2,"1":9,"2":3,"3":6,"4":4,"5":2,"6":9},"f":{"0":9},"b":{"0":[3,6],"1":[9,8],"2":[4,2]},"_coverageSchema":"1a1c01bbd47fc00a2c39e90264f33305004495a9","hash":"51eff1896526a325fa660a2c895244d7dd2601d7"}
,"/Users/TinaXING/Desktop/Hackreactor/tripadvisor-traveler-booking/client/src/components/SelectHeader.jsx": {"path":"/Users/TinaXING/Desktop/Hackreactor/tripadvisor-traveler-booking/client/src/components/SelectHeader.jsx","statementMap":{"0":{"start":{"line":4,"column":21},"end":{"line":45,"column":1}},"1":{"start":{"line":5,"column":2},"end":{"line":43,"column":12}}},"fnMap":{"0":{"name":"(anonymous_0)","decl":{"start":{"line":4,"column":21},"end":{"line":4,"column":22}},"loc":{"start":{"line":5,"column":2},"end":{"line":43,"column":12}},"line":5}},"branchMap":{"0":{"loc":{"start":{"line":19,"column":23},"end":{"line":21,"column":45}},"type":"cond-expr","locations":[{"start":{"line":20,"column":14},"end":{"line":20,"column":52}},{"start":{"line":21,"column":14},"end":{"line":21,"column":45}}],"line":19},"1":{"loc":{"start":{"line":27,"column":23},"end":{"line":29,"column":45}},"type":"cond-expr","locations":[{"start":{"line":28,"column":14},"end":{"line":28,"column":52}},{"start":{"line":29,"column":14},"end":{"line":29,"column":45}}],"line":27},"2":{"loc":{"start":{"line":35,"column":23},"end":{"line":37,"column":45}},"type":"cond-expr","locations":[{"start":{"line":36,"column":14},"end":{"line":36,"column":52}},{"start":{"line":37,"column":14},"end":{"line":37,"column":45}}],"line":35}},"s":{"0":2,"1":7},"f":{"0":7},"b":{"0":[0,7],"1":[0,7],"2":[0,7]},"_coverageSchema":"1a1c01bbd47fc00a2c39e90264f33305004495a9","hash":"5ec4d14d4cd7c3c8894cb822ccf388c86219a476"}
,"/Users/TinaXING/Desktop/Hackreactor/tripadvisor-traveler-booking/client/src/helpers/getDate.js": {"path":"/Users/TinaXING/Desktop/Hackreactor/tripadvisor-traveler-booking/client/src/helpers/getDate.js","statementMap":{"0":{"start":{"line":1,"column":0},"end":{"line":102,"column":1}},"1":{"start":{"line":3,"column":25},"end":{"line":8,"column":7}},"2":{"start":{"line":10,"column":27},"end":{"line":10,"column":60}},"3":{"start":{"line":11,"column":8},"end":{"line":11,"column":72}},"4":{"start":{"line":12,"column":8},"end":{"line":12,"column":65}},"5":{"start":{"line":13,"column":8},"end":{"line":13,"column":78}},"6":{"start":{"line":16,"column":8},"end":{"line":21,"column":10}},"7":{"start":{"line":22,"column":8},"end":{"line":24,"column":12}},"8":{"start":{"line":23,"column":12},"end":{"line":23,"column":52}},"9":{"start":{"line":25,"column":24},"end":{"line":25,"column":34}},"10":{"start":{"line":26,"column":10},"end":{"line":26,"column":78}},"11":{"start":{"line":31,"column":25},"end":{"line":36,"column":7}},"12":{"start":{"line":37,"column":27},"end":{"line":37,"column":70}},"13":{"start":{"line":38,"column":6},"end":{"line":45,"column":7}},"14":{"start":{"line":39,"column":26},"end":{"line":39,"column":52}},"15":{"start":{"line":40,"column":8},"end":{"line":40,"column":48}},"16":{"start":{"line":42,"column":8},"end":{"line":42,"column":60}},"17":{"start":{"line":43,"column":26},"end":{"line":43,"column":52}},"18":{"start":{"line":44,"column":8},"end":{"line":44,"column":61}},"19":{"start":{"line":49,"column":25},"end":{"line":54,"column":7}},"20":{"start":{"line":55,"column":27},"end":{"line":55,"column":69}},"21":{"start":{"line":56,"column":6},"end":{"line":63,"column":7}},"22":{"start":{"line":57,"column":26},"end":{"line":57,"column":52}},"23":{"start":{"line":58,"column":8},"end":{"line":58,"column":48}},"24":{"start":{"line":60,"column":8},"end":{"line":60,"column":28}},"25":{"start":{"line":61,"column":26},"end":{"line":61,"column":52}},"26":{"start":{"line":62,"column":8},"end":{"line":62,"column":61}},"27":{"start":{"line":67,"column":25},"end":{"line":72,"column":7}},"28":{"start":{"line":73,"column":21},"end":{"line":73,"column":58}},"29":{"start":{"line":75,"column":6},"end":{"line":79,"column":7}},"30":{"start":{"line":76,"column":8},"end":{"line":76,"column":45}},"31":{"start":{"line":78,"column":8},"end":{"line":78,"column":39}},"32":{"start":{"line":81,"column":20},"end":{"line":81,"column":33}},"33":{"start":{"line":82,"column":6},"end":{"line":86,"column":7}},"34":{"start":{"line":83,"column":8},"end":{"line":83,"column":43}},"35":{"start":{"line":85,"column":8},"end":{"line":85,"column":37}},"36":{"start":{"line":87,"column":6},"end":{"line":87,"column":48}},"37":{"start":{"line":91,"column":19},"end":{"line":91,"column":37}},"38":{"start":{"line":92,"column":20},"end":{"line":92,"column":35}},"39":{"start":{"line":93,"column":18},"end":{"line":93,"column":32}},"40":{"start":{"line":94,"column":20},"end":{"line":94,"column":30}},"41":{"start":{"line":95,"column":6},"end":{"line":95,"column":99}},"42":{"start":{"line":99,"column":6},"end":{"line":99,"column":81}}},"fnMap":{"0":{"name":"(anonymous_0)","decl":{"start":{"line":2,"column":24},"end":{"line":2,"column":25}},"loc":{"start":{"line":2,"column":53},"end":{"line":14,"column":5}},"line":2},"1":{"name":"(anonymous_1)","decl":{"start":{"line":15,"column":14},"end":{"line":15,"column":15}},"loc":{"start":{"line":15,"column":20},"end":{"line":28,"column":5}},"line":15},"2":{"name":"(anonymous_2)","decl":{"start":{"line":22,"column":38},"end":{"line":22,"column":39}},"loc":{"start":{"line":22,"column":50},"end":{"line":24,"column":11}},"line":22},"3":{"name":"(anonymous_3)","decl":{"start":{"line":30,"column":22},"end":{"line":30,"column":23}},"loc":{"start":{"line":30,"column":44},"end":{"line":46,"column":5}},"line":30},"4":{"name":"(anonymous_4)","decl":{"start":{"line":48,"column":26},"end":{"line":48,"column":27}},"loc":{"start":{"line":48,"column":48},"end":{"line":64,"column":5}},"line":48},"5":{"name":"(anonymous_5)","decl":{"start":{"line":66,"column":16},"end":{"line":66,"column":17}},"loc":{"start":{"line":66,"column":32},"end":{"line":88,"column":5}},"line":66},"6":{"name":"(anonymous_6)","decl":{"start":{"line":90,"column":13},"end":{"line":90,"column":14}},"loc":{"start":{"line":90,"column":23},"end":{"line":96,"column":5}},"line":90},"7":{"name":"(anonymous_7)","decl":{"start":{"line":98,"column":19},"end":{"line":98,"column":20}},"loc":{"start":{"line":98,"column":29},"end":{"line":100,"column":5}},"line":98}},"branchMap":{"0":{"loc":{"start":{"line":38,"column":6},"end":{"line":45,"column":7}},"type":"if","locations":[{"start":{"line":38,"column":6},"end":{"line":45,"column":7}},{"start":{"line":38,"column":6},"end":{"line":45,"column":7}}],"line":38},"1":{"loc":{"start":{"line":56,"column":6},"end":{"line":63,"column":7}},"type":"if","locations":[{"start":{"line":56,"column":6},"end":{"line":63,"column":7}},{"start":{"line":56,"column":6},"end":{"line":63,"column":7}}],"line":56},"2":{"loc":{"start":{"line":75,"column":6},"end":{"line":79,"column":7}},"type":"if","locations":[{"start":{"line":75,"column":6},"end":{"line":79,"column":7}},{"start":{"line":75,"column":6},"end":{"line":79,"column":7}}],"line":75},"3":{"loc":{"start":{"line":82,"column":6},"end":{"line":86,"column":7}},"type":"if","locations":[{"start":{"line":82,"column":6},"end":{"line":86,"column":7}},{"start":{"line":82,"column":6},"end":{"line":86,"column":7}}],"line":82},"4":{"loc":{"start":{"line":95,"column":13},"end":{"line":95,"column":98}},"type":"binary-expr","locations":[{"start":{"line":95,"column":13},"end":{"line":95,"column":41}},{"start":{"line":95,"column":45},"end":{"line":95,"column":71}},{"start":{"line":95,"column":75},"end":{"line":95,"column":98}}],"line":95}},"s":{"0":6,"1":14,"2":14,"3":14,"4":14,"5":14,"6":50,"7":50,"8":50,"9":50,"10":50,"11":11,"12":11,"13":11,"14":10,"15":10,"16":1,"17":1,"18":1,"19":6,"20":6,"21":6,"22":4,"23":4,"24":2,"25":2,"26":2,"27":7,"28":7,"29":7,"30":6,"31":1,"32":7,"33":7,"34":4,"35":3,"36":7,"37":84,"38":84,"39":84,"40":84,"41":84,"42":124},"f":{"0":14,"1":50,"2":50,"3":11,"4":6,"5":7,"6":84,"7":124},"b":{"0":[10,1],"1":[4,2],"2":[6,1],"3":[4,3],"4":[84,84,84]},"_coverageSchema":"1a1c01bbd47fc00a2c39e90264f33305004495a9","hash":"3649400b2381411a95ed072d7270ca01bc030380"}
,"/Users/TinaXING/Desktop/Hackreactor/tripadvisor-traveler-booking/client/src/helpers/getWeeksForMonth.js": {"path":"/Users/TinaXING/Desktop/Hackreactor/tripadvisor-traveler-booking/client/src/helpers/getWeeksForMonth.js","statementMap":{"0":{"start":{"line":1,"column":25},"end":{"line":34,"column":1}},"1":{"start":{"line":2,"column":21},"end":{"line":5,"column":23}},"2":{"start":{"line":7,"column":2},"end":{"line":7,"column":36}},"3":{"start":{"line":8,"column":23},"end":{"line":8,"column":47}},"4":{"start":{"line":9,"column":25},"end":{"line":9,"column":46}},"5":{"start":{"line":10,"column":16},"end":{"line":10,"column":20}},"6":{"start":{"line":12,"column":20},"end":{"line":12,"column":28}},"7":{"start":{"line":13,"column":20},"end":{"line":13,"column":32}},"8":{"start":{"line":15,"column":2},"end":{"line":17,"column":3}},"9":{"start":{"line":15,"column":15},"end":{"line":15,"column":16}},"10":{"start":{"line":16,"column":4},"end":{"line":16,"column":27}},"11":{"start":{"line":19,"column":2},"end":{"line":27,"column":3}},"12":{"start":{"line":20,"column":4},"end":{"line":23,"column":5}},"13":{"start":{"line":21,"column":6},"end":{"line":21,"column":23}},"14":{"start":{"line":22,"column":6},"end":{"line":22,"column":30}},"15":{"start":{"line":25,"column":4},"end":{"line":25,"column":34}},"16":{"start":{"line":26,"column":4},"end":{"line":26,"column":67}},"17":{"start":{"line":29,"column":2},"end":{"line":31,"column":3}},"18":{"start":{"line":30,"column":4},"end":{"line":30,"column":27}},"19":{"start":{"line":33,"column":2},"end":{"line":33,"column":15}},"20":{"start":{"line":36,"column":0},"end":{"line":36,"column":34}}},"fnMap":{"0":{"name":"(anonymous_0)","decl":{"start":{"line":1,"column":25},"end":{"line":1,"column":26}},"loc":{"start":{"line":1,"column":42},"end":{"line":34,"column":1}},"line":1}},"branchMap":{"0":{"loc":{"start":{"line":20,"column":4},"end":{"line":23,"column":5}},"type":"if","locations":[{"start":{"line":20,"column":4},"end":{"line":23,"column":5}},{"start":{"line":20,"column":4},"end":{"line":23,"column":5}}],"line":20}},"s":{"0":4,"1":4,"2":4,"3":4,"4":4,"5":4,"6":4,"7":4,"8":4,"9":4,"10":20,"11":4,"12":124,"13":20,"14":20,"15":124,"16":124,"17":4,"18":24,"19":4,"20":4},"f":{"0":4},"b":{"0":[20,104]},"_coverageSchema":"1a1c01bbd47fc00a2c39e90264f33305004495a9","hash":"ed7c80d83af5017cac668312847adc3c5bf3d53f"}
,"/Users/TinaXING/Desktop/Hackreactor/tripadvisor-traveler-booking/db/model.js": {"path":"/Users/TinaXING/Desktop/Hackreactor/tripadvisor-traveler-booking/db/model.js","statementMap":{"0":{"start":{"line":1,"column":11},"end":{"line":1,"column":32}},"1":{"start":{"line":4,"column":0},"end":{"line":26,"column":2}},"2":{"start":{"line":6,"column":4},"end":{"line":13,"column":5}},"3":{"start":{"line":7,"column":18},"end":{"line":7,"column":179}},"4":{"start":{"line":8,"column":22},"end":{"line":8,"column":46}},"5":{"start":{"line":9,"column":6},"end":{"line":9,"column":75}},"6":{"start":{"line":10,"column":6},"end":{"line":10,"column":30}},"7":{"start":{"line":12,"column":6},"end":{"line":12,"column":20}},"8":{"start":{"line":17,"column":4},"end":{"line":24,"column":5}},"9":{"start":{"line":18,"column":18},"end":{"line":18,"column":179}},"10":{"start":{"line":19,"column":22},"end":{"line":19,"column":46}},"11":{"start":{"line":20,"column":6},"end":{"line":20,"column":70}},"12":{"start":{"line":21,"column":6},"end":{"line":21,"column":30}},"13":{"start":{"line":23,"column":6},"end":{"line":23,"column":20}}},"fnMap":{"0":{"name":"(anonymous_0)","decl":{"start":{"line":5,"column":17},"end":{"line":5,"column":18}},"loc":{"start":{"line":5,"column":59},"end":{"line":14,"column":3}},"line":5},"1":{"name":"(anonymous_1)","decl":{"start":{"line":16,"column":20},"end":{"line":16,"column":21}},"loc":{"start":{"line":16,"column":54},"end":{"line":25,"column":3}},"line":16}},"branchMap":{},"s":{"0":1,"1":1,"2":2,"3":2,"4":2,"5":2,"6":1,"7":1,"8":2,"9":2,"10":2,"11":2,"12":1,"13":1},"f":{"0":2,"1":2},"b":{},"_coverageSchema":"1a1c01bbd47fc00a2c39e90264f33305004495a9","hash":"6f4003df76fc594f02e42dd48031474a3f46ec39"}
,"/Users/TinaXING/Desktop/Hackreactor/tripadvisor-traveler-booking/db/seedhelper.js": {"path":"/Users/TinaXING/Desktop/Hackreactor/tripadvisor-traveler-booking/db/seedhelper.js","statementMap":{"0":{"start":{"line":2,"column":10},"end":{"line":2,"column":31}},"1":{"start":{"line":4,"column":19},"end":{"line":4,"column":109}},"2":{"start":{"line":6,"column":17},"end":{"line":6,"column":117}},"3":{"start":{"line":8,"column":18},"end":{"line":8,"column":51}},"4":{"start":{"line":10,"column":16},"end":{"line":10,"column":46}},"5":{"start":{"line":12,"column":28},"end":{"line":22,"column":1}},"6":{"start":{"line":13,"column":27},"end":{"line":13,"column":80}},"7":{"start":{"line":14,"column":22},"end":{"line":14,"column":102}},"8":{"start":{"line":15,"column":19},"end":{"line":15,"column":88}},"9":{"start":{"line":16,"column":22},"end":{"line":16,"column":56}},"10":{"start":{"line":17,"column":22},"end":{"line":17,"column":42}},"11":{"start":{"line":19,"column":14},"end":{"line":20,"column":93}},"12":{"start":{"line":21,"column":2},"end":{"line":21,"column":13}},"13":{"start":{"line":24,"column":0},"end":{"line":24,"column":37}}},"fnMap":{"0":{"name":"(anonymous_0)","decl":{"start":{"line":12,"column":28},"end":{"line":12,"column":29}},"loc":{"start":{"line":12,"column":34},"end":{"line":22,"column":1}},"line":12}},"branchMap":{},"s":{"0":1,"1":1,"2":1,"3":1,"4":1,"5":1,"6":7,"7":7,"8":7,"9":7,"10":7,"11":7,"12":7,"13":1},"f":{"0":7},"b":{},"_coverageSchema":"1a1c01bbd47fc00a2c39e90264f33305004495a9","hash":"32faff662e7ecaa49e1a902b02c29e8c93401544"}
,"/Users/TinaXING/Desktop/Hackreactor/tripadvisor-traveler-booking/server/controller.js": {"path":"/Users/TinaXING/Desktop/Hackreactor/tripadvisor-traveler-booking/server/controller.js","statementMap":{"0":{"start":{"line":2,"column":16},"end":{"line":2,"column":35}},"1":{"start":{"line":3,"column":14},"end":{"line":3,"column":39}},"2":{"start":{"line":4,"column":23},"end":{"line":4,"column":46}},"3":{"start":{"line":6,"column":0},"end":{"line":32,"column":2}},"4":{"start":{"line":9,"column":29},"end":{"line":19,"column":4}},"5":{"start":{"line":10,"column":19},"end":{"line":10,"column":32}},"6":{"start":{"line":11,"column":18},"end":{"line":11,"column":30}},"7":{"start":{"line":12,"column":4},"end":{"line":18,"column":7}},"8":{"start":{"line":13,"column":6},"end":{"line":17,"column":7}},"9":{"start":{"line":14,"column":8},"end":{"line":14,"column":39}},"10":{"start":{"line":16,"column":8},"end":{"line":16,"column":35}},"11":{"start":{"line":21,"column":26},"end":{"line":31,"column":4}},"12":{"start":{"line":22,"column":34},"end":{"line":22,"column":43}},"13":{"start":{"line":23,"column":19},"end":{"line":23,"column":32}},"14":{"start":{"line":24,"column":4},"end":{"line":30,"column":7}},"15":{"start":{"line":25,"column":6},"end":{"line":29,"column":7}},"16":{"start":{"line":26,"column":8},"end":{"line":26,"column":39}},"17":{"start":{"line":28,"column":8},"end":{"line":28,"column":35}}},"fnMap":{"0":{"name":"(anonymous_0)","decl":{"start":{"line":9,"column":15},"end":{"line":9,"column":16}},"loc":{"start":{"line":9,"column":29},"end":{"line":19,"column":4}},"line":9},"1":{"name":"(anonymous_1)","decl":{"start":{"line":9,"column":41},"end":{"line":9,"column":42}},"loc":{"start":{"line":9,"column":62},"end":{"line":19,"column":3}},"line":9},"2":{"name":"(anonymous_2)","decl":{"start":{"line":12,"column":42},"end":{"line":12,"column":43}},"loc":{"start":{"line":12,"column":60},"end":{"line":18,"column":5}},"line":12},"3":{"name":"(anonymous_3)","decl":{"start":{"line":21,"column":12},"end":{"line":21,"column":13}},"loc":{"start":{"line":21,"column":26},"end":{"line":31,"column":4}},"line":21},"4":{"name":"(anonymous_4)","decl":{"start":{"line":21,"column":38},"end":{"line":21,"column":39}},"loc":{"start":{"line":21,"column":59},"end":{"line":31,"column":3}},"line":21},"5":{"name":"(anonymous_5)","decl":{"start":{"line":24,"column":51},"end":{"line":24,"column":52}},"loc":{"start":{"line":24,"column":69},"end":{"line":30,"column":5}},"line":24}},"branchMap":{"0":{"loc":{"start":{"line":13,"column":6},"end":{"line":17,"column":7}},"type":"if","locations":[{"start":{"line":13,"column":6},"end":{"line":17,"column":7}},{"start":{"line":13,"column":6},"end":{"line":17,"column":7}}],"line":13},"1":{"loc":{"start":{"line":25,"column":6},"end":{"line":29,"column":7}},"type":"if","locations":[{"start":{"line":25,"column":6},"end":{"line":29,"column":7}},{"start":{"line":25,"column":6},"end":{"line":29,"column":7}}],"line":25}},"s":{"0":1,"1":1,"2":1,"3":1,"4":2,"5":2,"6":2,"7":2,"8":2,"9":1,"10":1,"11":2,"12":2,"13":2,"14":2,"15":2,"16":1,"17":1},"f":{"0":2,"1":2,"2":2,"3":2,"4":2,"5":2},"b":{"0":[1,1],"1":[1,1]},"_coverageSchema":"1a1c01bbd47fc00a2c39e90264f33305004495a9","hash":"12a54c7ec6e4747648585836f952d356316376a6"}
,"/Users/TinaXING/Desktop/Hackreactor/tripadvisor-traveler-booking/server/helpers.js": {"path":"/Users/TinaXING/Desktop/Hackreactor/tripadvisor-traveler-booking/server/helpers.js","statementMap":{"0":{"start":{"line":1,"column":0},"end":{"line":12,"column":2}},"1":{"start":{"line":4,"column":18},"end":{"line":4,"column":28}},"2":{"start":{"line":5,"column":17},"end":{"line":5,"column":47}},"3":{"start":{"line":6,"column":18},"end":{"line":6,"column":66}},"4":{"start":{"line":7,"column":16},"end":{"line":7,"column":63}},"5":{"start":{"line":8,"column":17},"end":{"line":8,"column":35}},"6":{"start":{"line":9,"column":4},"end":{"line":9,"column":16}}},"fnMap":{"0":{"name":"(anonymous_0)","decl":{"start":{"line":3,"column":14},"end":{"line":3,"column":15}},"loc":{"start":{"line":3,"column":20},"end":{"line":10,"column":3}},"line":3}},"branchMap":{},"s":{"0":2,"1":7,"2":7,"3":7,"4":7,"5":7,"6":7},"f":{"0":7},"b":{},"_coverageSchema":"1a1c01bbd47fc00a2c39e90264f33305004495a9","hash":"20f926055648c2407330ba78834abbe90d006bb8"}
}
