TN:
SF:client/src/components/Calendar.jsx
FN:8,(anonymous_0)
FN:22,(anonymous_1)
FN:31,(anonymous_2)
FN:41,(anonymous_3)
FNF:4
FNH:4
FNDA:5,(anonymous_0)
FNDA:1,(anonymous_1)
FNDA:1,(anonymous_2)
FNDA:9,(anonymous_3)
DA:9,5
DA:10,5
DA:17,5
DA:18,5
DA:23,1
DA:24,1
DA:25,1
DA:32,1
DA:33,1
DA:34,1
DA:42,9
DA:43,9
LF:12
LH:12
BRF:0
BRH:0
end_of_record
TN:
SF:client/src/components/Days.jsx
FN:7,(anonymous_0)
FN:14,(anonymous_1)
FN:23,(anonymous_2)
FN:29,(anonymous_3)
FN:37,(anonymous_4)
FN:40,(anonymous_5)
FN:43,(anonymous_6)
FNF:7
FNH:7
FNDA:4,(anonymous_0)
FNDA:168,(anonymous_1)
FNDA:2,(anonymous_2)
FNDA:4,(anonymous_3)
FNDA:28,(anonymous_4)
FNDA:24,(anonymous_5)
FNDA:168,(anonymous_6)
DA:8,4
DA:9,4
DA:10,4
DA:15,168
DA:17,44
DA:19,124
DA:23,2
DA:30,4
DA:34,4
DA:37,28
DA:40,4
DA:41,24
DA:43,168
DA:47,4
LF:14
LH:14
BRDA:15,0,0,44
BRDA:15,0,1,124
BRF:2
BRH:2
end_of_record
TN:
SF:client/src/components/MonthDate.jsx
FN:5,(anonymous_0)
FNF:1
FNH:1
FNDA:1,(anonymous_0)
DA:5,2
LF:1
LH:1
BRF:0
BRH:0
end_of_record
TN:
SF:client/src/components/Months.jsx
FN:4,(anonymous_0)
FNF:1
FNH:1
FNDA:1,(anonymous_0)
DA:4,3
DA:5,1
LF:2
LH:2
BRF:0
BRH:0
end_of_record
TN:
SF:client/src/components/PlanFooter.jsx
FN:6,(anonymous_0)
FNF:1
FNH:1
FNDA:9,(anonymous_0)
DA:6,1
DA:9,9
DA:10,3
DA:11,6
DA:12,4
DA:14,2
DA:16,9
LF:7
LH:7
BRDA:9,0,0,3
BRDA:9,0,1,6
BRDA:9,1,0,9
BRDA:9,1,1,8
BRDA:11,2,0,4
BRDA:11,2,1,2
BRF:6
BRH:6
end_of_record
TN:
SF:client/src/components/SelectHeader.jsx
FN:4,(anonymous_0)
FNF:1
FNH:1
FNDA:6,(anonymous_0)
DA:4,1
DA:5,6
LF:2
LH:2
BRF:0
BRH:0
end_of_record
TN:
SF:client/src/helpers/getDate.js
FN:2,(anonymous_0)
FN:15,(anonymous_1)
FN:22,(anonymous_2)
FN:30,(anonymous_3)
FN:48,(anonymous_4)
FN:66,(anonymous_5)
FNF:6
FNH:3
FNDA:9,(anonymous_0)
FNDA:0,(anonymous_1)
FNDA:0,(anonymous_2)
FNDA:7,(anonymous_3)
FNDA:2,(anonymous_4)
FNDA:0,(anonymous_5)
DA:1,2
DA:3,9
DA:10,9
DA:11,9
DA:12,9
DA:13,9
DA:16,0
DA:22,0
DA:23,0
DA:25,0
DA:26,0
DA:31,7
DA:37,7
DA:38,7
DA:39,7
DA:40,7
DA:42,0
DA:43,0
DA:44,0
DA:49,2
DA:55,2
DA:56,2
DA:57,2
DA:58,2
DA:60,0
DA:61,0
DA:62,0
DA:67,0
DA:73,0
DA:75,0
DA:76,0
DA:78,0
DA:81,0
DA:82,0
DA:83,0
DA:85,0
DA:87,0
LF:37
LH:16
BRDA:38,0,0,7
BRDA:38,0,1,0
BRDA:56,1,0,2
BRDA:56,1,1,0
BRDA:75,2,0,0
BRDA:75,2,1,0
BRDA:82,3,0,0
BRDA:82,3,1,0
BRF:8
BRH:2
end_of_record
TN:
SF:client/src/helpers/getWeeksForMonth.js
FN:1,(anonymous_0)
FNF:1
FNH:1
FNDA:4,(anonymous_0)
DA:1,3
DA:2,4
DA:7,4
DA:8,4
DA:9,4
DA:10,4
DA:12,4
DA:13,4
DA:15,4
DA:16,20
DA:19,4
DA:20,124
DA:21,20
DA:22,20
DA:25,124
DA:26,124
DA:29,4
DA:30,24
DA:33,4
DA:36,3
LF:20
LH:20
BRDA:20,0,0,20
BRDA:20,0,1,104
BRF:2
BRH:2
end_of_record
TN:
SF:db/model.js
FN:5,(anonymous_0)
FN:19,(anonymous_1)
FNF:2
FNH:2
FNDA:2,(anonymous_0)
FNDA:2,(anonymous_1)
DA:1,1
DA:4,1
DA:6,2
DA:7,2
DA:8,2
DA:9,2
DA:10,0
DA:12,1
DA:15,1
DA:20,2
DA:21,2
DA:22,2
DA:23,2
DA:24,0
DA:26,1
DA:29,1
LF:16
LH:14
BRDA:9,0,0,0
BRDA:9,0,1,1
BRDA:23,1,0,0
BRDA:23,1,1,1
BRF:4
BRH:2
end_of_record
TN:
SF:db/seedhelper.js
FN:12,(anonymous_0)
FNF:1
FNH:1
FNDA:7,(anonymous_0)
DA:2,1
DA:4,1
DA:6,1
DA:8,1
DA:10,1
DA:12,1
DA:13,7
DA:14,7
DA:15,7
DA:16,7
DA:17,7
DA:19,7
DA:21,7
DA:24,1
LF:14
LH:14
BRF:0
BRH:0
end_of_record
TN:
SF:server/controller.js
FN:7,(anonymous_0)
FN:10,(anonymous_1)
FN:19,(anonymous_2)
FN:22,(anonymous_3)
FN:33,(anonymous_4)
FN:33,(anonymous_5)
FN:36,(anonymous_6)
FN:45,(anonymous_7)
FN:45,(anonymous_8)
FN:48,(anonymous_9)
FNF:10
FNH:6
FNDA:0,(anonymous_0)
FNDA:0,(anonymous_1)
FNDA:0,(anonymous_2)
FNDA:0,(anonymous_3)
FNDA:2,(anonymous_4)
FNDA:2,(anonymous_5)
FNDA:2,(anonymous_6)
FNDA:2,(anonymous_7)
FNDA:2,(anonymous_8)
FNDA:2,(anonymous_9)
DA:2,1
DA:3,1
DA:4,1
DA:6,1
DA:8,0
DA:9,0
DA:10,0
DA:11,0
DA:12,0
DA:14,0
DA:20,0
DA:21,0
DA:22,0
DA:23,0
DA:24,0
DA:26,0
DA:33,2
DA:34,2
DA:35,2
DA:36,2
DA:37,2
DA:38,1
DA:40,1
DA:45,2
DA:46,2
DA:47,2
DA:48,2
DA:49,2
DA:50,1
DA:52,1
LF:30
LH:18
BRDA:11,0,0,0
BRDA:11,0,1,0
BRDA:23,1,0,0
BRDA:23,1,1,0
BRDA:37,2,0,1
BRDA:37,2,1,1
BRDA:49,3,0,1
BRDA:49,3,1,1
BRF:8
BRH:4
end_of_record
TN:
SF:server/helpers.js
FN:3,(anonymous_0)
FNF:1
FNH:1
FNDA:7,(anonymous_0)
DA:1,2
DA:4,7
DA:5,7
DA:6,7
DA:7,7
DA:8,7
DA:9,7
LF:7
LH:7
BRF:0
BRH:0
end_of_record
